C:\USERS\ONG DING CHAO\DROPBOX\GRPG\GRPG13 ASSIGNMENT 1 CODEBASE\GRPG13 ASSIGNMENT 1 CODEBASE\OPENGLSHADERTEMPLATE\DEBUG\OPENGLPROGRAM.EXE
C:\USERS\ONG DING CHAO\DROPBOX\GRPG\GRPG13 ASSIGNMENT 1 CODEBASE\GRPG13 ASSIGNMENT 1 CODEBASE\OPENGLSHADERTEMPLATE\DEBUG\OPENGLPROGRAM.PDB
C:\USERS\ONG DING CHAO\DROPBOX\GRPG\GRPG13 ASSIGNMENT 1 CODEBASE\GRPG13 ASSIGNMENT 1 CODEBASE\OPENGLSHADERTEMPLATE\OPENGLPROGRAM\DEBUG\CAMERA.OBJ
C:\Users\Ong Ding Chao\Dropbox\GRPG\GRPG13 Assignment 1 Codebase\GRPG13 Assignment 1 Codebase\openglShaderTemplate\openglprogram\Debug\cl.command.1.tlog
C:\Users\Ong Ding Chao\Dropbox\GRPG\GRPG13 Assignment 1 Codebase\GRPG13 Assignment 1 Codebase\openglShaderTemplate\openglprogram\Debug\CL.read.1.tlog
C:\Users\Ong Ding Chao\Dropbox\GRPG\GRPG13 Assignment 1 Codebase\GRPG13 Assignment 1 Codebase\openglShaderTemplate\openglprogram\Debug\CL.write.1.tlog
C:\USERS\ONG DING CHAO\DROPBOX\GRPG\GRPG13 ASSIGNMENT 1 CODEBASE\GRPG13 ASSIGNMENT 1 CODEBASE\OPENGLSHADERTEMPLATE\OPENGLPROGRAM\DEBUG\CUBE.OBJ
C:\USERS\ONG DING CHAO\DROPBOX\GRPG\GRPG13 ASSIGNMENT 1 CODEBASE\GRPG13 ASSIGNMENT 1 CODEBASE\OPENGLSHADERTEMPLATE\OPENGLPROGRAM\DEBUG\DICEGAME.OBJ
C:\USERS\ONG DING CHAO\DROPBOX\GRPG\GRPG13 ASSIGNMENT 1 CODEBASE\GRPG13 ASSIGNMENT 1 CODEBASE\OPENGLSHADERTEMPLATE\OPENGLPROGRAM\DEBUG\FREETYPE.OBJ
C:\USERS\ONG DING CHAO\DROPBOX\GRPG\GRPG13 ASSIGNMENT 1 CODEBASE\GRPG13 ASSIGNMENT 1 CODEBASE\OPENGLSHADERTEMPLATE\OPENGLPROGRAM\DEBUG\GRIDBASE.OBJ
C:\USERS\ONG DING CHAO\DROPBOX\GRPG\GRPG13 ASSIGNMENT 1 CODEBASE\GRPG13 ASSIGNMENT 1 CODEBASE\OPENGLSHADERTEMPLATE\OPENGLPROGRAM\DEBUG\IMAGELOADER.OBJ
C:\Users\Ong Ding Chao\Dropbox\GRPG\GRPG13 Assignment 1 Codebase\GRPG13 Assignment 1 Codebase\openglShaderTemplate\openglprogram\Debug\link.command.1.tlog
C:\Users\Ong Ding Chao\Dropbox\GRPG\GRPG13 Assignment 1 Codebase\GRPG13 Assignment 1 Codebase\openglShaderTemplate\openglprogram\Debug\link.read.1.tlog
C:\Users\Ong Ding Chao\Dropbox\GRPG\GRPG13 Assignment 1 Codebase\GRPG13 Assignment 1 Codebase\openglShaderTemplate\openglprogram\Debug\link.write.1.tlog
C:\USERS\ONG DING CHAO\DROPBOX\GRPG\GRPG13 ASSIGNMENT 1 CODEBASE\GRPG13 ASSIGNMENT 1 CODEBASE\OPENGLSHADERTEMPLATE\OPENGLPROGRAM\DEBUG\MAIN.OBJ
C:\Users\Ong Ding Chao\Dropbox\GRPG\GRPG13 Assignment 1 Codebase\GRPG13 Assignment 1 Codebase\openglShaderTemplate\openglprogram\Debug\mt.command.1.tlog
C:\Users\Ong Ding Chao\Dropbox\GRPG\GRPG13 Assignment 1 Codebase\GRPG13 Assignment 1 Codebase\openglShaderTemplate\openglprogram\Debug\mt.read.1.tlog
C:\Users\Ong Ding Chao\Dropbox\GRPG\GRPG13 Assignment 1 Codebase\GRPG13 Assignment 1 Codebase\openglShaderTemplate\openglprogram\Debug\mt.write.1.tlog
C:\USERS\ONG DING CHAO\DROPBOX\GRPG\GRPG13 ASSIGNMENT 1 CODEBASE\GRPG13 ASSIGNMENT 1 CODEBASE\OPENGLSHADERTEMPLATE\OPENGLPROGRAM\DEBUG\OPENGLPROGRAM.EXE.INTERMEDIATE.MANIFEST
C:\Users\Ong Ding Chao\Dropbox\GRPG\GRPG13 Assignment 1 Codebase\GRPG13 Assignment 1 Codebase\openglShaderTemplate\openglprogram\Debug\openglprogram.vcxprojResolveAssemblyReference.cache
C:\Users\Ong Ding Chao\Dropbox\GRPG\GRPG13 Assignment 1 Codebase\GRPG13 Assignment 1 Codebase\openglShaderTemplate\openglprogram\Debug\openglprogram.write.1.tlog
C:\USERS\ONG DING CHAO\DROPBOX\GRPG\GRPG13 ASSIGNMENT 1 CODEBASE\GRPG13 ASSIGNMENT 1 CODEBASE\OPENGLSHADERTEMPLATE\OPENGLPROGRAM\DEBUG\PLAYER.OBJ
C:\Users\Ong Ding Chao\Dropbox\GRPG\GRPG13 Assignment 1 Codebase\GRPG13 Assignment 1 Codebase\openglShaderTemplate\openglprogram\Debug\vc100.idb
C:\USERS\ONG DING CHAO\DROPBOX\GRPG\GRPG13 ASSIGNMENT 1 CODEBASE\GRPG13 ASSIGNMENT 1 CODEBASE\OPENGLSHADERTEMPLATE\OPENGLPROGRAM\DEBUG\VC100.PDB
D:\NISAUS.TP\SUBJECTS.GRPG\AY201314 OCT TERMB\TEACHING MATERIALS\ASSIGNMENT 1\GRPG13 ASSIGNMENT 1 CODEBASE\OPENGLSHADERTEMPLATE\DEBUG\OPENGLPROGRAM.EXE
D:\NISAUS.TP\SUBJECTS.GRPG\AY201314 OCT TERMB\TEACHING MATERIALS\ASSIGNMENT 1\GRPG13 ASSIGNMENT 1 CODEBASE\OPENGLSHADERTEMPLATE\DEBUG\OPENGLPROGRAM.PDB
D:\NISAUS.TP\SUBJECTS.GRPG\AY201314 OCT TERMB\TEACHING MATERIALS\ASSIGNMENT 1\GRPG13 ASSIGNMENT 1 CODEBASE\OPENGLSHADERTEMPLATE\OPENGLPROGRAM\DEBUG\CAMERA.OBJ
D:\NISAUS.TP\SUBJECTS.GRPG\AY201314 OCT TERMB\TEACHING MATERIALS\ASSIGNMENT 1\GRPG13 ASSIGNMENT 1 CODEBASE\OPENGLSHADERTEMPLATE\OPENGLPROGRAM\DEBUG\CUBE.OBJ
D:\NISAUS.TP\SUBJECTS.GRPG\AY201314 OCT TERMB\TEACHING MATERIALS\ASSIGNMENT 1\GRPG13 ASSIGNMENT 1 CODEBASE\OPENGLSHADERTEMPLATE\OPENGLPROGRAM\DEBUG\DICEGAME.OBJ
D:\NISAUS.TP\SUBJECTS.GRPG\AY201314 OCT TERMB\TEACHING MATERIALS\ASSIGNMENT 1\GRPG13 ASSIGNMENT 1 CODEBASE\OPENGLSHADERTEMPLATE\OPENGLPROGRAM\DEBUG\FREETYPE.OBJ
D:\NISAUS.TP\SUBJECTS.GRPG\AY201314 OCT TERMB\TEACHING MATERIALS\ASSIGNMENT 1\GRPG13 ASSIGNMENT 1 CODEBASE\OPENGLSHADERTEMPLATE\OPENGLPROGRAM\DEBUG\GRIDBASE.OBJ
D:\NISAUS.TP\SUBJECTS.GRPG\AY201314 OCT TERMB\TEACHING MATERIALS\ASSIGNMENT 1\GRPG13 ASSIGNMENT 1 CODEBASE\OPENGLSHADERTEMPLATE\OPENGLPROGRAM\DEBUG\IMAGELOADER.OBJ
D:\NISAUS.TP\SUBJECTS.GRPG\AY201314 OCT TERMB\TEACHING MATERIALS\ASSIGNMENT 1\GRPG13 ASSIGNMENT 1 CODEBASE\OPENGLSHADERTEMPLATE\OPENGLPROGRAM\DEBUG\MAIN.OBJ
D:\NISAUS.TP\SUBJECTS.GRPG\AY201314 OCT TERMB\TEACHING MATERIALS\ASSIGNMENT 1\GRPG13 ASSIGNMENT 1 CODEBASE\OPENGLSHADERTEMPLATE\OPENGLPROGRAM\DEBUG\OPENGLPROGRAM.EXE.INTERMEDIATE.MANIFEST
D:\NISAUS.TP\SUBJECTS.GRPG\AY201314 OCT TERMB\TEACHING MATERIALS\ASSIGNMENT 1\GRPG13 ASSIGNMENT 1 CODEBASE\OPENGLSHADERTEMPLATE\OPENGLPROGRAM\DEBUG\PLAYER.OBJ
D:\NISAUS.TP\SUBJECTS.GRPG\AY201314 OCT TERMB\TEACHING MATERIALS\ASSIGNMENT 1\GRPG13 ASSIGNMENT 1 CODEBASE\OPENGLSHADERTEMPLATE\OPENGLPROGRAM\DEBUG\VC100.PDB
